<?xml version="1.0" encoding="UTF-8"?>
<!-- Generated by org.testng.reporters.JUnitReportReporter -->
<testsuite hostname="DESKTOP-EBFLCFN" failures="0" tests="1" name="getRequest.FirstGetAPI" time="3.227" errors="0" timestamp="2021-07-07T11:39:59 IST" skipped="0">
  <testcase classname="getRequest.FirstGetAPI" name="getStatusCode" time="3.227"/>
  <system-out/>
</testsuite> <!-- getRequest.FirstGetAPI -->
