<?xml version="1.0" encoding="UTF-8"?>
<!-- Generated by org.testng.reporters.JUnitReportReporter -->
<testsuite hostname="DESKTOP-CMOBDH5" failures="0" tests="6" name="com.qa.testNgScenario.DataProviderTest" time="0.023" errors="0" timestamp="2021-04-14T11:55:09 IST" skipped="0">
  <testcase classname="com.qa.testNgScenario.DataProviderTest" name="dataTest" time="0.004"/>
  <system-out/>
  <testcase classname="com.qa.testNgScenario.DataProviderTest" name="dataTest" time="0.008"/>
  <system-out/>
  <testcase classname="com.qa.testNgScenario.DataProviderTest" name="dataTestFromAnotherClass" time="0.002"/>
  <system-out/>
  <testcase classname="com.qa.testNgScenario.DataProviderTest" name="dataTest" time="0.004"/>
  <system-out/>
  <testcase classname="com.qa.testNgScenario.DataProviderTest" name="dataTestFromAnotherClass" time="0.003"/>
  <system-out/>
  <testcase classname="com.qa.testNgScenario.DataProviderTest" name="dataTestFromAnotherClass" time="0.002"/>
  <system-out/>
</testsuite> <!-- com.qa.testNgScenario.DataProviderTest -->
