<?xml version="1.0" encoding="UTF-8"?>
<!-- Generated by org.testng.reporters.JUnitReportReporter -->
<testsuite hostname="DESKTOP-CMOBDH5" failures="0" tests="1" name="com.qa.testNgScenario.TestNgParameter" time="0.007" errors="0" timestamp="2021-04-08T14:26:46 IST" skipped="0">
  <testcase classname="com.qa.testNgScenario.TestNgParameter" name="TestParameter" time="0.007"/>
  <system-out/>
</testsuite> <!-- com.qa.testNgScenario.TestNgParameter -->
