<?xml version="1.0" encoding="UTF-8"?>
<!-- Generated by org.testng.reporters.JUnitReportReporter -->
<testsuite skipped="0" hostname="DESKTOP-K9KL98S" name="getRequest.GetData" tests="1" failures="0" timestamp="2021-05-20T21:31:29 IST" time="5.392" errors="0">
  <testcase name="testResponse" time="5.392" classname="getRequest.GetData"/>
  <system-out/>
</testsuite> <!-- getRequest.GetData -->
