<?xml version="1.0" encoding="UTF-8"?>
<!-- Generated by org.testng.reporters.JUnitReportReporter -->
<testsuite hostname="DESKTOP-EBFLCFN" failures="0" tests="1" name="getRequest.GetData" time="3.644" errors="0" timestamp="2021-06-12T19:50:02 IST" skipped="0">
  <testcase classname="getRequest.GetData" name="testResponse" time="3.644"/>
  <system-out/>
</testsuite> <!-- getRequest.GetData -->
