<?xml version="1.0" encoding="UTF-8"?>
<!-- Generated by org.testng.reporters.JUnitReportReporter -->
<testsuite hostname="DESKTOP-UN1UE7L" failures="0" tests="2" name="com.qa.rsaSection7.StaticDropDown" time="1.582" errors="0" timestamp="2023-07-18T12:20:54 IST" skipped="0">
  <testcase classname="com.qa.rsaSection7.StaticDropDown" name="staticDropdown_1" time="0.699"/>
  <system-out/>
  <testcase classname="com.qa.rsaSection7.StaticDropDown" name="updatedDropdown" time="0.883"/>
  <system-out/>
</testsuite> <!-- com.qa.rsaSection7.StaticDropDown -->
