<?xml version="1.0" encoding="UTF-8"?>
<!-- Generated by org.testng.reporters.JUnitReportReporter -->
<testsuite hostname="DESKTOP-EBFLCFN" failures="0" tests="1" name="com.qa.testNgScenario.PageFactoryDataProvider" time="0.011" errors="0" timestamp="2021-07-01T14:15:55 IST" skipped="0">
  <testcase classname="com.qa.testNgScenario.PageFactoryDataProvider" name="method" time="0.011"/>
  <system-out/>
</testsuite> <!-- com.qa.testNgScenario.PageFactoryDataProvider -->
