<?xml version="1.0" encoding="UTF-8"?>
<!-- Generated by org.testng.reporters.JUnitReportReporter -->
<testsuite hostname="DESKTOP-CMOBDH5" failures="0" tests="1" name="com.qa.seleniumUtility.ScrollHorizontally" time="11.166" errors="0" timestamp="2021-04-07T16:06:44 IST" skipped="0">
  <testcase classname="com.qa.seleniumUtility.ScrollHorizontally" name="scrollHorizontally" time="11.166"/>
  <system-out/>
</testsuite> <!-- com.qa.seleniumUtility.ScrollHorizontally -->
