<?xml version="1.0" encoding="UTF-8"?>
<!-- Generated by org.testng.reporters.JUnitReportReporter -->
<testsuite skipped="0" hostname="DESKTOP-K9KL98S" name="getRequest.GetData" tests="1" failures="0" timestamp="2021-05-11T21:57:10 IST" time="4.255" errors="0">
  <testcase name="testResponse" time="4.255" classname="getRequest.GetData"/>
  <system-out/>
</testsuite> <!-- getRequest.GetData -->
