<?xml version="1.0" encoding="UTF-8"?>
<!-- Generated by org.testng.reporters.JUnitReportReporter -->
<testsuite hostname="DESKTOP-UN1UE7L" failures="0" tests="1" name="com.qa.streamRsaSection14.WebTableSorting" time="0.963" errors="0" timestamp="2023-07-25T12:04:06 IST" skipped="0">
  <testcase classname="com.qa.streamRsaSection14.WebTableSorting" name="sortWebTable" time="0.963"/>
  <system-out/>
</testsuite> <!-- com.qa.streamRsaSection14.WebTableSorting -->
