<?xml version="1.0" encoding="UTF-8"?>
<!-- Generated by org.testng.reporters.JUnitReportReporter -->
<testsuite hostname="DESKTOP-EBFLCFN" failures="0" tests="1" name="com.qa.seleniumUtility.ScrollHorizontally" time="9.674" errors="0" timestamp="2021-05-11T21:32:37 IST" skipped="0">
  <testcase classname="com.qa.seleniumUtility.ScrollHorizontally" name="scrollHorizontally" time="9.674"/>
  <system-out/>
</testsuite> <!-- com.qa.seleniumUtility.ScrollHorizontally -->
