<?xml version="1.0" encoding="UTF-8"?>
<!-- Generated by org.testng.reporters.JUnitReportReporter -->
<testsuite hostname="DESKTOP-EBFLCFN" failures="0" tests="1" name="getRequest.GetData" time="1.878" errors="0" timestamp="2021-05-11T20:08:24 IST" skipped="0">
  <testcase classname="getRequest.GetData" name="testResponse" time="1.878"/>
  <system-out/>
</testsuite> <!-- getRequest.GetData -->
