<?xml version="1.0" encoding="UTF-8"?>
<!-- Generated by org.testng.reporters.JUnitReportReporter -->
<testsuite skipped="0" hostname="DESKTOP-K9KL98S" name="com.qa.seleniumUtility.DataBaseConnection_MySql" tests="1" failures="0" timestamp="2021-05-20T20:24:25 IST" time="1.299" errors="0">
  <testcase name="testDB" time="1.299" classname="com.qa.seleniumUtility.DataBaseConnection_MySql"/>
  <system-out/>
</testsuite> <!-- com.qa.seleniumUtility.DataBaseConnection_MySql -->
