<?xml version="1.0" encoding="UTF-8"?>
<!-- Generated by org.testng.reporters.JUnitReportReporter -->
<testsuite hostname="DESKTOP-EBFLCFN" failures="0" tests="2" name="getRequest.GetData" time="2.106" errors="0" timestamp="2021-06-21T10:14:35 IST" skipped="0">
  <testcase classname="getRequest.GetData" name="getBody" time="1.928"/>
  <system-out/>
  <testcase classname="getRequest.GetData" name="testResponse" time="0.178"/>
  <system-out/>
</testsuite> <!-- getRequest.GetData -->
