<?xml version="1.0" encoding="UTF-8"?>
<!-- Generated by org.testng.reporters.JUnitReportReporter -->
<testsuite hostname="DESKTOP-UN1UE7L" failures="0" tests="5" name="com.qa.streamRsaSection14.StremDemo" time="0.025" errors="0" timestamp="2023-07-23T16:29:00 IST" skipped="0">
  <testcase classname="com.qa.streamRsaSection14.StremDemo" name="normalArrayList" time="0.007"/>
  <system-out/>
  <testcase classname="com.qa.streamRsaSection14.StremDemo" name="streamCollect" time="0.005"/>
  <system-out/>
  <testcase classname="com.qa.streamRsaSection14.StremDemo" name="streamDemo1" time="0.003"/>
  <system-out/>
  <testcase classname="com.qa.streamRsaSection14.StremDemo" name="streamDemo2" time="0.004"/>
  <system-out/>
  <testcase classname="com.qa.streamRsaSection14.StremDemo" name="streamMap" time="0.006"/>
  <system-out/>
</testsuite> <!-- com.qa.streamRsaSection14.StremDemo -->
